<?xml version="1.0" encoding="UTF-8"?>
<!-- Generated by org.testng.reporters.JUnitReportReporter -->
<testsuite hostname="LTIN200748" failures="0" tests="4" name="testCases.TC_002_LanguageLearningTest" time="11.177" errors="0" timestamp="2024-03-15T16:03:51 IST" skipped="0">
  <testcase classname="testCases.TC_002_LanguageLearningTest" name="enterNewCourse" time="2.943"/>
  <system-out/>
  <testcase classname="testCases.TC_002_LanguageLearningTest" name="clickShowMore" time="0.583"/>
  <system-out/>
  <testcase classname="testCases.TC_002_LanguageLearningTest" name="printTotalLangs" time="5.767"/>
  <system-out/>
  <testcase classname="testCases.TC_002_LanguageLearningTest" name="printTotalLevels" time="1.884"/>
  <system-out/>
</testsuite> <!-- testCases.TC_002_LanguageLearningTest -->
