<?xml version="1.0" encoding="UTF-8"?>
<!-- Generated by org.testng.reporters.JUnitReportReporter -->
<testsuite hostname="LTIN200748" failures="0" tests="7" name="testCases.TC_001_WebDevelopmentTest" time="131.569" errors="0" timestamp="2024-02-28T15:45:52 IST" skipped="0">
  <testcase classname="testCases.TC_001_WebDevelopmentTest" name="enterCourseName" time="65.464"/>
  <system-out/>
  <testcase classname="testCases.TC_001_WebDevelopmentTest" name="clickLanguage" time="0.830"/>
  <system-out/>
  <testcase classname="testCases.TC_001_WebDevelopmentTest" name="clickLevel" time="0.798"/>
  <system-out/>
  <testcase classname="testCases.TC_001_WebDevelopmentTest" name="printCourse1" time="2.869"/>
  <system-out/>
  <testcase classname="testCases.TC_001_WebDevelopmentTest" name="printDetails1" time="4.617"/>
  <system-out/>
  <testcase classname="testCases.TC_001_WebDevelopmentTest" name="printCourse2" time="0.404"/>
  <system-out/>
  <testcase classname="testCases.TC_001_WebDevelopmentTest" name="printDetails2" time="56.587"/>
  <system-out/>
</testsuite> <!-- testCases.TC_001_WebDevelopmentTest -->
