<?xml version="1.0" encoding="UTF-8"?>
<!-- Generated by org.testng.reporters.JUnitReportReporter -->
<testsuite hostname="LTIN200748" failures="0" tests="13" name="testCases.TC_003_ForEnterpriseTest" time="233.397" errors="0" timestamp="2024-02-28T15:45:52 IST" skipped="0">
  <testcase classname="testCases.TC_003_ForEnterpriseTest" name="clickCourseTitle" time="37.359"/>
  <system-out/>
  <testcase classname="testCases.TC_003_ForEnterpriseTest" name="clickEnterpriseLink" time="106.488"/>
  <system-out/>
  <testcase classname="testCases.TC_003_ForEnterpriseTest" name="clickWeOfferLink" time="34.581"/>
  <system-out/>
  <testcase classname="testCases.TC_003_ForEnterpriseTest" name="clickLearnMoreButton" time="39.713"/>
  <system-out/>
  <testcase classname="testCases.TC_003_ForEnterpriseTest" name="setFirstLastName" time="0.710"/>
  <system-out/>
  <testcase classname="testCases.TC_003_ForEnterpriseTest" name="setEmailId" time="0.232"/>
  <system-out/>
  <testcase classname="testCases.TC_003_ForEnterpriseTest" name="setMobileNo" time="0.214"/>
  <system-out/>
  <testcase classname="testCases.TC_003_ForEnterpriseTest" name="setInstituteDetails" time="1.007"/>
  <system-out/>
  <testcase classname="testCases.TC_003_ForEnterpriseTest" name="SetJobRole" time="0.351"/>
  <system-out/>
  <testcase classname="testCases.TC_003_ForEnterpriseTest" name="setDepartmentDetails" time="1.703"/>
  <system-out/>
  <testcase classname="testCases.TC_003_ForEnterpriseTest" name="setCountryState" time="0.814"/>
  <system-out/>
  <testcase classname="testCases.TC_003_ForEnterpriseTest" name="clickSubmitButton" time="0.229"/>
  <system-out/>
  <testcase classname="testCases.TC_003_ForEnterpriseTest" name="verifyEmailId" time="9.996"/>
  <system-out/>
</testsuite> <!-- testCases.TC_003_ForEnterpriseTest -->
