<?xml version="1.0" encoding="UTF-8"?>
<!-- Generated by org.testng.reporters.JUnitReportReporter -->
<testsuite hostname="LTIN200748" failures="0" tests="13" name="testCases.TC_003_ForEnterpriseTest" time="38.722" errors="0" timestamp="2024-03-15T16:03:51 IST" skipped="0">
  <testcase classname="testCases.TC_003_ForEnterpriseTest" name="clickCourseTitle" time="8.393"/>
  <system-out/>
  <testcase classname="testCases.TC_003_ForEnterpriseTest" name="clickEnterpriseLink" time="10.907"/>
  <system-out/>
  <testcase classname="testCases.TC_003_ForEnterpriseTest" name="clickWeOfferLink" time="6.394"/>
  <system-out/>
  <testcase classname="testCases.TC_003_ForEnterpriseTest" name="clickLearnMoreButton" time="5.756"/>
  <system-out/>
  <testcase classname="testCases.TC_003_ForEnterpriseTest" name="setFirstLastName" time="1.302"/>
  <system-out/>
  <testcase classname="testCases.TC_003_ForEnterpriseTest" name="setEmailId" time="0.605"/>
  <system-out/>
  <testcase classname="testCases.TC_003_ForEnterpriseTest" name="setMobileNo" time="0.245"/>
  <system-out/>
  <testcase classname="testCases.TC_003_ForEnterpriseTest" name="setInstituteDetails" time="0.577"/>
  <system-out/>
  <testcase classname="testCases.TC_003_ForEnterpriseTest" name="SetJobRole" time="0.246"/>
  <system-out/>
  <testcase classname="testCases.TC_003_ForEnterpriseTest" name="setDepartmentDetails" time="1.106"/>
  <system-out/>
  <testcase classname="testCases.TC_003_ForEnterpriseTest" name="setCountryState" time="0.564"/>
  <system-out/>
  <testcase classname="testCases.TC_003_ForEnterpriseTest" name="clickSubmitButton" time="0.117"/>
  <system-out/>
  <testcase classname="testCases.TC_003_ForEnterpriseTest" name="verifyEmailId" time="2.510"/>
  <system-out/>
</testsuite> <!-- testCases.TC_003_ForEnterpriseTest -->
