<?xml version="1.0" encoding="UTF-8"?>
<!-- Generated by org.testng.reporters.JUnitReportReporter -->
<testsuite hostname="LTIN200748" failures="0" tests="4" name="testCases.TC_002_LanguageLearningTest" time="11.576" errors="0" timestamp="2024-02-28T15:45:52 IST" skipped="0">
  <testcase classname="testCases.TC_002_LanguageLearningTest" name="enterNewCourse" time="2.108"/>
  <system-out/>
  <testcase classname="testCases.TC_002_LanguageLearningTest" name="clickShowMore" time="0.514"/>
  <system-out/>
  <testcase classname="testCases.TC_002_LanguageLearningTest" name="printTotalLangs" time="7.764"/>
  <system-out/>
  <testcase classname="testCases.TC_002_LanguageLearningTest" name="printTotalLevels" time="1.190"/>
  <system-out/>
</testsuite> <!-- testCases.TC_002_LanguageLearningTest -->
