<?xml version="1.0" encoding="UTF-8"?>
<!-- Generated by org.testng.reporters.JUnitReportReporter -->
<testsuite hostname="LTIN200748" failures="0" tests="7" name="testCases.TC_001_WebDevelopmentTest" time="28.613" errors="0" timestamp="2024-03-15T16:03:51 IST" skipped="0">
  <testcase classname="testCases.TC_001_WebDevelopmentTest" name="enterCourseName" time="8.534"/>
  <system-out/>
  <testcase classname="testCases.TC_001_WebDevelopmentTest" name="clickLanguage" time="1.608"/>
  <system-out/>
  <testcase classname="testCases.TC_001_WebDevelopmentTest" name="clickLevel" time="0.722"/>
  <system-out/>
  <testcase classname="testCases.TC_001_WebDevelopmentTest" name="printCourse1" time="1.834"/>
  <system-out/>
  <testcase classname="testCases.TC_001_WebDevelopmentTest" name="printDetails1" time="7.241"/>
  <system-out/>
  <testcase classname="testCases.TC_001_WebDevelopmentTest" name="printCourse2" time="0.406"/>
  <system-out/>
  <testcase classname="testCases.TC_001_WebDevelopmentTest" name="printDetails2" time="8.268"/>
  <system-out/>
</testsuite> <!-- testCases.TC_001_WebDevelopmentTest -->
