<?xml version="1.0" encoding="UTF-8"?>
<!-- Generated by org.testng.reporters.JUnitReportReporter -->
<testsuite hostname="LTIN200748" failures="0" tests="13" name="testCases.TC_003_ForEnterpriseTest" time="34.916" errors="0" timestamp="2024-03-06T20:20:03 IST" skipped="0">
  <testcase classname="testCases.TC_003_ForEnterpriseTest" name="clickCourseTitle" time="7.207"/>
  <testcase classname="testCases.TC_003_ForEnterpriseTest" name="clickEnterpriseLink" time="10.725"/>
  <testcase classname="testCases.TC_003_ForEnterpriseTest" name="clickWeOfferLink" time="4.616"/>
  <testcase classname="testCases.TC_003_ForEnterpriseTest" name="clickLearnMoreButton" time="5.550"/>
  <testcase classname="testCases.TC_003_ForEnterpriseTest" name="setFirstLastName" time="1.081"/>
  <testcase classname="testCases.TC_003_ForEnterpriseTest" name="setEmailId" time="0.350"/>
  <testcase classname="testCases.TC_003_ForEnterpriseTest" name="setMobileNo" time="0.360"/>
  <testcase classname="testCases.TC_003_ForEnterpriseTest" name="setInstituteDetails" time="0.648"/>
  <testcase classname="testCases.TC_003_ForEnterpriseTest" name="SetJobRole" time="0.636"/>
  <testcase classname="testCases.TC_003_ForEnterpriseTest" name="setDepartmentDetails" time="1.165"/>
  <testcase classname="testCases.TC_003_ForEnterpriseTest" name="setCountryState" time="0.821"/>
  <testcase classname="testCases.TC_003_ForEnterpriseTest" name="clickSubmitButton" time="0.129"/>
  <testcase classname="testCases.TC_003_ForEnterpriseTest" name="verifyEmailId" time="1.628"/>
</testsuite> <!-- testCases.TC_003_ForEnterpriseTest -->
