<?xml version="1.0" encoding="UTF-8"?>
<!-- Generated by org.testng.reporters.JUnitReportReporter -->
<testsuite hostname="LTIN200748" failures="0" tests="4" name="testCases.TC_002_LanguageLearningTest" time="10.750" errors="0" timestamp="2024-02-28T12:38:35 IST" skipped="0">
  <testcase classname="testCases.TC_002_LanguageLearningTest" name="enterNewCourse" time="3.981"/>
  <testcase classname="testCases.TC_002_LanguageLearningTest" name="clickShowMore" time="0.658"/>
  <testcase classname="testCases.TC_002_LanguageLearningTest" name="printTotalLangs" time="5.110"/>
  <testcase classname="testCases.TC_002_LanguageLearningTest" name="printTotalLevels" time="1.001"/>
</testsuite> <!-- testCases.TC_002_LanguageLearningTest -->
