<?xml version="1.0" encoding="UTF-8"?>
<!-- Generated by org.testng.reporters.JUnitReportReporter -->
<testsuite hostname="LTIN200748" failures="0" tests="7" name="testCases.TC_001_WebDevelopmentTest" time="27.045" errors="0" timestamp="2024-03-06T20:20:03 IST" skipped="0">
  <testcase classname="testCases.TC_001_WebDevelopmentTest" name="enterCourseName" time="8.617"/>
  <testcase classname="testCases.TC_001_WebDevelopmentTest" name="clickLanguage" time="1.633"/>
  <testcase classname="testCases.TC_001_WebDevelopmentTest" name="clickLevel" time="1.435"/>
  <testcase classname="testCases.TC_001_WebDevelopmentTest" name="printCourse1" time="2.391"/>
  <testcase classname="testCases.TC_001_WebDevelopmentTest" name="printDetails1" time="6.638"/>
  <testcase classname="testCases.TC_001_WebDevelopmentTest" name="printCourse2" time="0.393"/>
  <testcase classname="testCases.TC_001_WebDevelopmentTest" name="printDetails2" time="5.938"/>
</testsuite> <!-- testCases.TC_001_WebDevelopmentTest -->
