<?xml version="1.0" encoding="UTF-8"?>
<!-- Generated by org.testng.reporters.JUnitReportReporter -->
<testsuite hostname="LTIN200748" failures="0" tests="4" name="testCases.TC_002_LanguageLearningTest" time="9.504" errors="0" timestamp="2024-03-06T20:20:03 IST" skipped="0">
  <testcase classname="testCases.TC_002_LanguageLearningTest" name="enterNewCourse" time="1.900"/>
  <testcase classname="testCases.TC_002_LanguageLearningTest" name="clickShowMore" time="1.244"/>
  <testcase classname="testCases.TC_002_LanguageLearningTest" name="printTotalLangs" time="4.222"/>
  <testcase classname="testCases.TC_002_LanguageLearningTest" name="printTotalLevels" time="2.138"/>
</testsuite> <!-- testCases.TC_002_LanguageLearningTest -->
