<?xml version="1.0" encoding="UTF-8"?>
<!-- Generated by org.testng.reporters.JUnitReportReporter -->
<testsuite hostname="LTIN200748" failures="0" tests="7" name="testCases.TC_001_WebDevelopmentTest" time="35.333" errors="0" timestamp="2024-02-28T12:38:35 IST" skipped="0">
  <testcase classname="testCases.TC_001_WebDevelopmentTest" name="enterCourseName" time="13.079"/>
  <testcase classname="testCases.TC_001_WebDevelopmentTest" name="clickLanguage" time="1.518"/>
  <testcase classname="testCases.TC_001_WebDevelopmentTest" name="clickLevel" time="1.087"/>
  <testcase classname="testCases.TC_001_WebDevelopmentTest" name="printCourse1" time="3.078"/>
  <testcase classname="testCases.TC_001_WebDevelopmentTest" name="printDetails1" time="8.544"/>
  <testcase classname="testCases.TC_001_WebDevelopmentTest" name="printCourse2" time="0.650"/>
  <testcase classname="testCases.TC_001_WebDevelopmentTest" name="printDetails2" time="7.377"/>
</testsuite> <!-- testCases.TC_001_WebDevelopmentTest -->
